

Started HEAD "/" for 127.0.0.1 at 2018-09-06 12:30:10 -0600
Processing by WelcomeController#index as HTML
  Rendered welcome/index.html.erb within layouts/application (615.2ms)
Completed 200 OK in 732ms (Views: 706.7ms | ActiveRecord: 0.0ms)


Started GET "/" for 127.0.0.1 at 2018-09-06 12:30:15 -0600
Processing by WelcomeController#index as HTML
  Rendered welcome/index.html.erb within layouts/application (1.0ms)
Completed 200 OK in 25ms (Views: 24.8ms | ActiveRecord: 0.0ms)


Started GET "/assets/application.self-13ddcfbae46c974c28167b75513d4212022c077ae83ad756f2f339188efe8c79.css?body=1" for 127.0.0.1 at 2018-09-06 12:30:15 -0600


Started GET "/assets/application.self-3b8dabdc891efe46b9a144b400ad69e37d7e5876bdc39dee783419a69d7ca819.js?body=1" for 127.0.0.1 at 2018-09-06 12:30:15 -0600


Started GET "/testblue/app/assets/images/adobe-illustrator-cc.svg" for 127.0.0.1 at 2018-09-06 12:30:15 -0600

ActionController::RoutingError (No route matches [GET] "/testblue/app/assets/images/adobe-illustrator-cc.svg"):
  actionpack (4.2.1) lib/action_dispatch/middleware/debug_exceptions.rb:21:in `call'
  web-console (2.3.0) lib/web_console/middleware.rb:28:in `block in call'
  web-console (2.3.0) lib/web_console/middleware.rb:18:in `catch'
  web-console (2.3.0) lib/web_console/middleware.rb:18:in `call'
  actionpack (4.2.1) lib/action_dispatch/middleware/show_exceptions.rb:30:in `call'
  railties (4.2.1) lib/rails/rack/logger.rb:38:in `call_app'
  railties (4.2.1) lib/rails/rack/logger.rb:20:in `block in call'
  activesupport (4.2.1) lib/active_support/tagged_logging.rb:68:in `block in tagged'
  activesupport (4.2.1) lib/active_support/tagged_logging.rb:26:in `tagged'
  activesupport (4.2.1) lib/active_support/tagged_logging.rb:68:in `tagged'
  railties (4.2.1) lib/rails/rack/logger.rb:20:in `call'
  actionpack (4.2.1) lib/action_dispatch/middleware/request_id.rb:21:in `call'
  rack (1.6.10) lib/rack/methodoverride.rb:22:in `call'
  rack (1.6.10) lib/rack/runtime.rb:18:in `call'
  activesupport (4.2.1) lib/active_support/cache/strategy/local_cache_middleware.rb:28:in `call'
  rack (1.6.10) lib/rack/lock.rb:17:in `call'
  actionpack (4.2.1) lib/action_dispatch/middleware/static.rb:113:in `call'
  rack (1.6.10) lib/rack/sendfile.rb:113:in `call'
  railties (4.2.1) lib/rails/engine.rb:518:in `call'
  railties (4.2.1) lib/rails/application.rb:164:in `call'
  passenger (5.3.4) src/ruby_supportlib/phusion_passenger/rack/thread_handler_extension.rb:97:in `process_request'
  passenger (5.3.4) src/ruby_supportlib/phusion_passenger/request_handler/thread_handler.rb:149:in `accept_and_process_next_request'
  passenger (5.3.4) src/ruby_supportlib/phusion_passenger/request_handler/thread_handler.rb:110:in `main_loop'
  passenger (5.3.4) src/ruby_supportlib/phusion_passenger/request_handler.rb:415:in `block (3 levels) in start_threads'
  passenger (5.3.4) src/ruby_supportlib/phusion_passenger/utils.rb:113:in `block in create_thread_and_abort_on_exception'


  Rendered /Users/joshqberry/.rvm/gems/ruby-2.2.6/gems/actionpack-4.2.1/lib/action_dispatch/middleware/templates/rescues/_trace.html.erb (22.7ms)
  Rendered /Users/joshqberry/.rvm/gems/ruby-2.2.6/gems/actionpack-4.2.1/lib/action_dispatch/middleware/templates/routes/_route.html.erb (2.6ms)
  Rendered /Users/joshqberry/.rvm/gems/ruby-2.2.6/gems/actionpack-4.2.1/lib/action_dispatch/middleware/templates/routes/_table.html.erb (27.8ms)
  Rendered /Users/joshqberry/.rvm/gems/ruby-2.2.6/gems/actionpack-4.2.1/lib/action_dispatch/middleware/templates/rescues/_request_and_response.html.erb (4.1ms)
  Rendered /Users/joshqberry/.rvm/gems/ruby-2.2.6/gems/actionpack-4.2.1/lib/action_dispatch/middleware/templates/rescues/routing_error.html.erb within rescues/layout (373.4ms)
  Rendered /Users/joshqberry/.rvm/gems/ruby-2.2.6/gems/web-console-2.3.0/lib/web_console/templates/_markup.html.erb (0.5ms)
  Rendered /Users/joshqberry/.rvm/gems/ruby-2.2.6/gems/web-console-2.3.0/lib/web_console/templates/_inner_console_markup.html.erb within layouts/inlined_string (0.6ms)
  Rendered /Users/joshqberry/.rvm/gems/ruby-2.2.6/gems/web-console-2.3.0/lib/web_console/templates/_prompt_box_markup.html.erb within layouts/inlined_string (0.5ms)
  Rendered /Users/joshqberry/.rvm/gems/ruby-2.2.6/gems/web-console-2.3.0/lib/web_console/templates/style.css.erb within layouts/inlined_string (0.4ms)
  Rendered /Users/joshqberry/.rvm/gems/ruby-2.2.6/gems/web-console-2.3.0/lib/web_console/templates/console.js.erb within layouts/javascript (94.5ms)
  Rendered /Users/joshqberry/.rvm/gems/ruby-2.2.6/gems/web-console-2.3.0/lib/web_console/templates/main.js.erb within layouts/javascript (0.4ms)
  Rendered /Users/joshqberry/.rvm/gems/ruby-2.2.6/gems/web-console-2.3.0/lib/web_console/templates/error_page.js.erb within layouts/javascript (0.5ms)
  Rendered /Users/joshqberry/.rvm/gems/ruby-2.2.6/gems/web-console-2.3.0/lib/web_console/templates/index.html.erb (182.9ms)
  [1m[36mActiveRecord::SchemaMigration Load (17.9ms)[0m  [1mSELECT "schema_migrations".* FROM "schema_migrations"[0m
